<?xml version="1.0" encoding="UTF-8"?>
<!-- Generated by org.testng.reporters.JUnitXMLReporter -->
<testsuite ignored="2" hostname="islam-Inspiron-5570" failures="0" tests="2" name="Regression Test" time="1.724" errors="0" timestamp="2020-11-20T17:02:43 EET">
  <testcase classname="tests.OpenregistrationPage" name="openpage" time="1.62"/>
  <testcase classname="tests.RegisterationPageTest" name="test_inputTheRegisterationData" time="0.084"/>
  <testcase classname="tests.TestBase" name="@BeforeSuite openURL" time="0.0">
    <ignored/>
  </testcase> <!-- @BeforeSuite openURL -->
  <testcase classname="tests.TestBase" name="@AfterSuite closeBrowser" time="0.0">
    <ignored/>
  </testcase> <!-- @AfterSuite closeBrowser -->
</testsuite> <!-- Regression Test -->
