<?xml version="1.0" encoding="UTF-8"?>
<!-- Generated by org.testng.reporters.JUnitXMLReporter -->
<testsuite ignored="0" hostname="DESKTOP-21NHCNS" failures="0" tests="2" name="Regression Test" time="59.302" errors="0" timestamp="2020-11-26T12:22:54 EET">
  <testcase classname="tests.BlogRegisterationPageTestUsingJavaFaker" name="test_openBlogPage" time="10.58"/>
  <testcase classname="tests.BlogRegisterationPageTestUsingJavaFaker" name="test_openBlogRegistrationPage" time="48.523"/>
</testsuite> <!-- Regression Test -->
