<?xml version="1.0" encoding="UTF-8"?>
<!-- Generated by org.testng.reporters.JUnitXMLReporter -->
<testsuite ignored="0" hostname="islam-Inspiron-5570" failures="0" tests="2" name="Regression Test" time="6.259" errors="0" timestamp="2020-11-24T21:08:35 EET">
  <testcase classname="tests.BlogRegisterationPageTest" name="test_openBlogPage" time="5.12"/>
  <testcase classname="tests.BlogRegisterationPageTest" name="test_openBlogRegistrationPage" time="1.106"/>
</testsuite> <!-- Regression Test -->
