<?xml version="1.0" encoding="UTF-8"?>
<!-- Generated by org.testng.reporters.JUnitXMLReporter -->
<testsuite ignored="2" hostname="DESKTOP-21NHCNS" failures="0" tests="2" name="Regression Test" time="7.842" errors="0" timestamp="2021-03-10T11:44:24 EET">
  <testcase classname="tests.TestRegisteration" name="test_inputResgistrationData" time="5.465"/>
  <testcase classname="tests.TestLogout" name="test_inputResgistrationData" time="2.311"/>
  <testcase classname="tests.TestBase" name="@BeforeSuite openURL" time="0.0">
    <ignored/>
  </testcase> <!-- @BeforeSuite openURL -->
  <testcase classname="tests.TestBase" name="@AfterSuite closeBrowser" time="0.0">
    <ignored/>
  </testcase> <!-- @AfterSuite closeBrowser -->
</testsuite> <!-- Regression Test -->
