<?xml version="1.0" encoding="UTF-8"?>
<testng-results ignored="0" total="1" passed="0" failed="1" skipped="0">
  <reporter-output>
  </reporter-output>
  <suite started-at="2021-01-14T16:08:31 EET" name="phptravels Suite" finished-at="2021-01-14T16:09:26 EET" duration-ms="54958">
    <groups>
    </groups>
    <test started-at="2021-01-14T16:08:31 EET" name="Regression Test" finished-at="2021-01-14T16:09:26 EET" duration-ms="54958">
      <class name="tests.TestRegisteration_Login_EditProfile_ReserveHotel">
        <test-method is-config="true" signature="openURL(java.lang.String)[pri:0, instance:tests.TestRegisteration_Login_EditProfile_ReserveHotel@ff23ae7]" started-at="2021-01-14T16:08:20 EET" name="openURL" finished-at="2021-01-14T16:08:31 EET" duration-ms="11936" status="PASS">
          <params>
            <param index="0">
              <value>
                <![CDATA[chrome]]>
              </value>
            </param>
          </params>
          <reporter-output>
          </reporter-output>
        </test-method> <!-- openURL -->
        <test-method signature="test_inputResgistrationData()[pri:0, instance:tests.TestRegisteration_Login_EditProfile_ReserveHotel@ff23ae7]" started-at="2021-01-14T16:08:31 EET" name="test_inputResgistrationData" finished-at="2021-01-14T16:09:26 EET" duration-ms="54423" status="FAIL">
          <exception class="java.lang.NullPointerException">
            <full-stacktrace>
              <![CDATA[java.lang.NullPointerException
at pages.PageBase.scrollToBottom(PageBase.java:37)
at pages.HotelPayment.paymentMethod(HotelPayment.java:52)
at tests.TestRegisteration_Login_EditProfile_ReserveHotel.test_inputResgistrationData(TestRegisteration_Login_EditProfile_ReserveHotel.java:108)
at java.base/jdk.internal.reflect.NativeMethodAccessorImpl.invoke0(Native Method)
at java.base/jdk.internal.reflect.NativeMethodAccessorImpl.invoke(NativeMethodAccessorImpl.java:62)
at java.base/jdk.internal.reflect.DelegatingMethodAccessorImpl.invoke(DelegatingMethodAccessorImpl.java:43)
at java.base/java.lang.reflect.Method.invoke(Method.java:566)
at org.testng.internal.MethodInvocationHelper.invokeMethod(MethodInvocationHelper.java:132)
at org.testng.internal.TestInvoker.invokeMethod(TestInvoker.java:599)
at org.testng.internal.TestInvoker.invokeTestMethod(TestInvoker.java:174)
at org.testng.internal.MethodRunner.runInSequence(MethodRunner.java:46)
at org.testng.internal.TestInvoker$MethodInvocationAgent.invoke(TestInvoker.java:822)
at org.testng.internal.TestInvoker.invokeTestMethods(TestInvoker.java:147)
at org.testng.internal.TestMethodWorker.invokeTestMethods(TestMethodWorker.java:146)
at org.testng.internal.TestMethodWorker.run(TestMethodWorker.java:128)
at java.base/java.util.ArrayList.forEach(ArrayList.java:1541)
at org.testng.TestRunner.privateRun(TestRunner.java:764)
at org.testng.TestRunner.run(TestRunner.java:585)
at org.testng.SuiteRunner.runTest(SuiteRunner.java:384)
at org.testng.SuiteRunner.runSequentially(SuiteRunner.java:378)
at org.testng.SuiteRunner.privateRun(SuiteRunner.java:337)
at org.testng.SuiteRunner.run(SuiteRunner.java:286)
at org.testng.SuiteRunnerWorker.runSuite(SuiteRunnerWorker.java:53)
at org.testng.SuiteRunnerWorker.run(SuiteRunnerWorker.java:96)
at org.testng.TestNG.runSuitesSequentially(TestNG.java:1218)
at org.testng.TestNG.runSuitesLocally(TestNG.java:1140)
at org.testng.TestNG.runSuites(TestNG.java:1069)
at org.testng.TestNG.run(TestNG.java:1037)
at org.testng.remote.AbstractRemoteTestNG.run(AbstractRemoteTestNG.java:115)
at org.testng.remote.RemoteTestNG.initAndRun(RemoteTestNG.java:251)
at org.testng.remote.RemoteTestNG.main(RemoteTestNG.java:77)
]]>
            </full-stacktrace>
          </exception> <!-- java.lang.NullPointerException -->
          <reporter-output>
          </reporter-output>
        </test-method> <!-- test_inputResgistrationData -->
        <test-method is-config="true" signature="screenshotOnfailure(org.testng.ITestResult)[pri:0, instance:tests.TestRegisteration_Login_EditProfile_ReserveHotel@ff23ae7]" started-at="2021-01-14T16:09:26 EET" name="screenshotOnfailure" finished-at="2021-01-14T16:09:26 EET" duration-ms="472" status="PASS">
          <params>
            <param index="0">
              <value>
                <![CDATA[[TestResult name=test_inputResgistrationData status=FAILURE method=TestRegisteration_Login_EditProfile_ReserveHotel.test_inputResgistrationData()[pri:0, instance:tests.TestRegisteration_Login_EditProfile_ReserveHotel@ff23ae7] output={null}]]]>
              </value>
            </param>
          </params>
          <reporter-output>
          </reporter-output>
        </test-method> <!-- screenshotOnfailure -->
        <test-method is-config="true" signature="closeBrowser()[pri:0, instance:tests.TestRegisteration_Login_EditProfile_ReserveHotel@ff23ae7]" started-at="2021-01-14T16:09:27 EET" name="closeBrowser" finished-at="2021-01-14T16:09:27 EET" duration-ms="1" status="PASS">
          <reporter-output>
          </reporter-output>
        </test-method> <!-- closeBrowser -->
      </class> <!-- tests.TestRegisteration_Login_EditProfile_ReserveHotel -->
    </test> <!-- Regression Test -->
  </suite> <!-- phptravels Suite -->
</testng-results>
