<?xml version="1.0" encoding="UTF-8"?>
<testng-results ignored="0" total="1" passed="1" failed="0" skipped="0">
  <reporter-output>
  </reporter-output>
  <suite started-at="2020-12-21T14:18:22 EET" name="phptravels Suite" finished-at="2020-12-21T14:18:34 EET" duration-ms="11822">
    <groups>
    </groups>
    <test started-at="2020-12-21T14:18:22 EET" name="Regression Test" finished-at="2020-12-21T14:18:34 EET" duration-ms="11822">
      <class name="tests.TestMyProfile">
        <test-method is-config="true" signature="openURL(java.lang.String)[pri:0, instance:tests.TestMyProfile@5a1c3cb4]" started-at="2020-12-21T14:18:04 EET" name="openURL" finished-at="2020-12-21T14:18:22 EET" duration-ms="18176" status="PASS">
          <params>
            <param index="0">
              <value>
                <![CDATA[chrome]]>
              </value>
            </param>
          </params>
          <reporter-output>
          </reporter-output>
        </test-method> <!-- openURL -->
        <test-method signature="test_inputBlogResgistrationData()[pri:0, instance:tests.TestMyProfile@5a1c3cb4]" started-at="2020-12-21T14:18:22 EET" name="test_inputBlogResgistrationData" finished-at="2020-12-21T14:18:34 EET" duration-ms="11755" status="PASS">
          <reporter-output>
          </reporter-output>
        </test-method> <!-- test_inputBlogResgistrationData -->
        <test-method is-config="true" signature="closeBrowser()[pri:0, instance:tests.TestMyProfile@5a1c3cb4]" started-at="2020-12-21T14:18:34 EET" name="closeBrowser" finished-at="2020-12-21T14:18:34 EET" duration-ms="1" status="PASS">
          <reporter-output>
          </reporter-output>
        </test-method> <!-- closeBrowser -->
      </class> <!-- tests.TestMyProfile -->
    </test> <!-- Regression Test -->
  </suite> <!-- phptravels Suite -->
</testng-results>
