<?xml version="1.0" encoding="UTF-8"?>
<testng-results ignored="0" total="1" passed="1" failed="0" skipped="0">
  <reporter-output>
  </reporter-output>
  <suite started-at="2021-01-01T20:42:14 EET" name="phptravels Suite" finished-at="2021-01-01T20:42:31 EET" duration-ms="16916">
    <groups>
    </groups>
    <test started-at="2021-01-01T20:42:14 EET" name="Regression Test" finished-at="2021-01-01T20:42:31 EET" duration-ms="16916">
      <class name="tests.TestMyProfile">
        <test-method is-config="true" signature="openURL(java.lang.String)[pri:0, instance:tests.TestMyProfile@ff23ae7]" started-at="2021-01-01T20:42:03 EET" name="openURL" finished-at="2021-01-01T20:42:14 EET" duration-ms="11002" status="PASS">
          <params>
            <param index="0">
              <value>
                <![CDATA[chrome]]>
              </value>
            </param>
          </params>
          <reporter-output>
          </reporter-output>
        </test-method> <!-- openURL -->
        <test-method signature="test_inputResgistrationData()[pri:0, instance:tests.TestMyProfile@ff23ae7]" started-at="2021-01-01T20:42:14 EET" name="test_inputResgistrationData" finished-at="2021-01-01T20:42:31 EET" duration-ms="16829" status="PASS">
          <reporter-output>
          </reporter-output>
        </test-method> <!-- test_inputResgistrationData -->
        <test-method is-config="true" signature="screenshotOnfailure(org.testng.ITestResult)[pri:0, instance:tests.TestMyProfile@ff23ae7]" started-at="2021-01-01T20:42:31 EET" name="screenshotOnfailure" finished-at="2021-01-01T20:42:31 EET" duration-ms="2" status="PASS">
          <params>
            <param index="0">
              <value>
                <![CDATA[[TestResult name=test_inputResgistrationData status=SUCCESS method=TestMyProfile.test_inputResgistrationData()[pri:0, instance:tests.TestMyProfile@ff23ae7] output={null}]]]>
              </value>
            </param>
          </params>
          <reporter-output>
          </reporter-output>
        </test-method> <!-- screenshotOnfailure -->
        <test-method is-config="true" signature="closeBrowser()[pri:0, instance:tests.TestMyProfile@ff23ae7]" started-at="2021-01-01T20:42:31 EET" name="closeBrowser" finished-at="2021-01-01T20:42:31 EET" duration-ms="0" status="PASS">
          <reporter-output>
          </reporter-output>
        </test-method> <!-- closeBrowser -->
      </class> <!-- tests.TestMyProfile -->
    </test> <!-- Regression Test -->
  </suite> <!-- phptravels Suite -->
</testng-results>
