<?xml version="1.0" encoding="UTF-8"?>
<testng-results ignored="0" total="2" passed="2" failed="0" skipped="0">
  <reporter-output>
  </reporter-output>
  <suite started-at="2020-11-23T07:41:26 EET" name="phptravels Suite" finished-at="2020-11-23T07:41:29 EET" duration-ms="3047">
    <groups>
    </groups>
    <test started-at="2020-11-23T07:41:26 EET" name="Regression Test" finished-at="2020-11-23T07:41:29 EET" duration-ms="3047">
      <class name="tests.BlogRegisterationPageTest">
        <test-method is-config="true" signature="openURL(java.lang.String)[pri:0, instance:tests.BlogRegisterationPageTest@3e96bacf]" started-at="2020-11-23T07:41:17 EET" name="openURL" finished-at="2020-11-23T07:41:26 EET" duration-ms="8723" status="PASS">
          <params>
            <param index="0">
              <value>
                <![CDATA[firefox]]>
              </value>
            </param>
          </params>
          <reporter-output>
          </reporter-output>
        </test-method> <!-- openURL -->
        <test-method signature="test_openBlogPage()[pri:1, instance:tests.BlogRegisterationPageTest@3e96bacf]" started-at="2020-11-23T07:41:26 EET" name="test_openBlogPage" finished-at="2020-11-23T07:41:28 EET" duration-ms="1835" status="PASS">
          <reporter-output>
          </reporter-output>
        </test-method> <!-- test_openBlogPage -->
        <test-method signature="test_openBlogRegistrationPage()[pri:2, instance:tests.BlogRegisterationPageTest@3e96bacf]" started-at="2020-11-23T07:41:28 EET" name="test_openBlogRegistrationPage" finished-at="2020-11-23T07:41:29 EET" duration-ms="1193" status="PASS">
          <reporter-output>
          </reporter-output>
        </test-method> <!-- test_openBlogRegistrationPage -->
        <test-method is-config="true" signature="closeBrowser()[pri:0, instance:tests.BlogRegisterationPageTest@3e96bacf]" started-at="2020-11-23T07:41:29 EET" name="closeBrowser" finished-at="2020-11-23T07:41:29 EET" duration-ms="1" status="PASS">
          <reporter-output>
          </reporter-output>
        </test-method> <!-- closeBrowser -->
      </class> <!-- tests.BlogRegisterationPageTest -->
    </test> <!-- Regression Test -->
  </suite> <!-- phptravels Suite -->
</testng-results>
