<?xml version="1.0" encoding="UTF-8"?>
<testng-results ignored="0" total="1" passed="1" failed="0" skipped="0">
  <reporter-output>
  </reporter-output>
  <suite started-at="2020-12-27T07:38:13 EET" name="phptravels Suite" finished-at="2020-12-27T07:38:24 EET" duration-ms="10174">
    <groups>
    </groups>
    <test started-at="2020-12-27T07:38:13 EET" name="Regression Test" finished-at="2020-12-27T07:38:24 EET" duration-ms="10174">
      <class name="tests.TestMyProfile">
        <test-method is-config="true" signature="openURL(java.lang.String)[pri:0, instance:tests.TestMyProfile@7158daf2]" started-at="2020-12-27T07:37:59 EET" name="openURL" finished-at="2020-12-27T07:38:13 EET" duration-ms="14732" status="PASS">
          <params>
            <param index="0">
              <value>
                <![CDATA[firefox]]>
              </value>
            </param>
          </params>
          <reporter-output>
          </reporter-output>
        </test-method> <!-- openURL -->
        <test-method signature="test_inputBlogResgistrationData()[pri:0, instance:tests.TestMyProfile@7158daf2]" started-at="2020-12-27T07:38:14 EET" name="test_inputBlogResgistrationData" finished-at="2020-12-27T07:38:24 EET" duration-ms="10134" status="PASS">
          <reporter-output>
          </reporter-output>
        </test-method> <!-- test_inputBlogResgistrationData -->
        <test-method is-config="true" signature="closeBrowser()[pri:0, instance:tests.TestMyProfile@7158daf2]" started-at="2020-12-27T07:38:24 EET" name="closeBrowser" finished-at="2020-12-27T07:38:24 EET" duration-ms="2" status="PASS">
          <reporter-output>
          </reporter-output>
        </test-method> <!-- closeBrowser -->
      </class> <!-- tests.TestMyProfile -->
    </test> <!-- Regression Test -->
  </suite> <!-- phptravels Suite -->
</testng-results>
