<?xml version="1.0" encoding="UTF-8"?>
<testng-results ignored="0" total="1" passed="1" failed="0" skipped="0">
  <reporter-output>
  </reporter-output>
  <suite started-at="2020-12-02T20:27:51 EET" name="phptravels Suite" finished-at="2020-12-02T20:27:58 EET" duration-ms="6503">
    <groups>
    </groups>
    <test started-at="2020-12-02T20:27:51 EET" name="Regression Test" finished-at="2020-12-02T20:27:58 EET" duration-ms="6503">
      <class name="tests.TestRegisterationtAndLoginPageUsingJavaFaker">
        <test-method is-config="true" signature="openURL(java.lang.String)[pri:0, instance:tests.TestRegisterationtAndLoginPageUsingJavaFaker@7158daf2]" started-at="2020-12-02T20:27:38 EET" name="openURL" finished-at="2020-12-02T20:27:51 EET" duration-ms="13833" status="PASS">
          <params>
            <param index="0">
              <value>
                <![CDATA[firefox]]>
              </value>
            </param>
          </params>
          <reporter-output>
          </reporter-output>
        </test-method> <!-- openURL -->
        <test-method signature="test_inputBlogResgistrationData()[pri:0, instance:tests.TestRegisterationtAndLoginPageUsingJavaFaker@7158daf2]" started-at="2020-12-02T20:27:51 EET" name="test_inputBlogResgistrationData" finished-at="2020-12-02T20:27:58 EET" duration-ms="6476" status="PASS">
          <reporter-output>
          </reporter-output>
        </test-method> <!-- test_inputBlogResgistrationData -->
        <test-method is-config="true" signature="closeBrowser()[pri:0, instance:tests.TestRegisterationtAndLoginPageUsingJavaFaker@7158daf2]" started-at="2020-12-02T20:27:58 EET" name="closeBrowser" finished-at="2020-12-02T20:27:58 EET" duration-ms="0" status="PASS">
          <reporter-output>
          </reporter-output>
        </test-method> <!-- closeBrowser -->
      </class> <!-- tests.TestRegisterationtAndLoginPageUsingJavaFaker -->
    </test> <!-- Regression Test -->
  </suite> <!-- phptravels Suite -->
</testng-results>
