<?xml version="1.0" encoding="UTF-8"?>
<testng-results ignored="0" total="2" passed="2" failed="0" skipped="0">
  <reporter-output>
  </reporter-output>
  <suite started-at="2020-11-26T12:21:55 EET" name="phptravels Suite" finished-at="2020-11-26T12:22:54 EET" duration-ms="59302">
    <groups>
    </groups>
    <test started-at="2020-11-26T12:21:55 EET" name="Regression Test" finished-at="2020-11-26T12:22:54 EET" duration-ms="59302">
      <class name="tests.BlogRegisterationPageTestUsingJavaFaker">
        <test-method is-config="true" signature="openURL(java.lang.String)[pri:0, instance:tests.BlogRegisterationPageTestUsingJavaFaker@76ad6715]" started-at="2020-11-26T12:21:37 EET" name="openURL" finished-at="2020-11-26T12:21:55 EET" duration-ms="17592" status="PASS">
          <params>
            <param index="0">
              <value>
                <![CDATA[chrome]]>
              </value>
            </param>
          </params>
          <reporter-output>
          </reporter-output>
        </test-method> <!-- openURL -->
        <test-method signature="test_openBlogPage()[pri:1, instance:tests.BlogRegisterationPageTestUsingJavaFaker@76ad6715]" started-at="2020-11-26T12:21:55 EET" name="test_openBlogPage" finished-at="2020-11-26T12:22:05 EET" duration-ms="10580" status="PASS">
          <reporter-output>
          </reporter-output>
        </test-method> <!-- test_openBlogPage -->
        <test-method signature="test_openBlogRegistrationPage()[pri:2, instance:tests.BlogRegisterationPageTestUsingJavaFaker@76ad6715]" started-at="2020-11-26T12:22:05 EET" name="test_openBlogRegistrationPage" finished-at="2020-11-26T12:22:54 EET" duration-ms="48523" status="PASS">
          <reporter-output>
          </reporter-output>
        </test-method> <!-- test_openBlogRegistrationPage -->
        <test-method is-config="true" signature="closeBrowser()[pri:0, instance:tests.BlogRegisterationPageTestUsingJavaFaker@76ad6715]" started-at="2020-11-26T12:22:54 EET" name="closeBrowser" finished-at="2020-11-26T12:22:54 EET" duration-ms="7" status="PASS">
          <reporter-output>
          </reporter-output>
        </test-method> <!-- closeBrowser -->
      </class> <!-- tests.BlogRegisterationPageTestUsingJavaFaker -->
    </test> <!-- Regression Test -->
  </suite> <!-- phptravels Suite -->
</testng-results>
