<?xml version="1.0" encoding="UTF-8"?>
<testng-results ignored="0" total="1" passed="1" failed="0" skipped="0">
  <reporter-output>
  </reporter-output>
  <suite started-at="2021-03-09T19:04:32 EET" name="phptravels Suite" finished-at="2021-03-09T19:05:51 EET" duration-ms="79149">
    <groups>
    </groups>
    <test started-at="2021-03-09T19:04:32 EET" name="Regression Test" finished-at="2021-03-09T19:05:51 EET" duration-ms="79149">
      <class name="tests.TestRegisteration_Login_EditProfile_ReserveHotel_ReserveFlight_ViewAllReservation">
        <test-method is-config="true" signature="openURL(java.lang.String)[pri:0, instance:tests.TestRegisteration_Login_EditProfile_ReserveHotel_ReserveFlight_ViewAllReservation@6631cb64]" started-at="2021-03-09T19:04:25 EET" name="openURL" finished-at="2021-03-09T19:04:32 EET" duration-ms="6450" status="PASS">
          <params>
            <param index="0">
              <value>
                <![CDATA[chrome]]>
              </value>
            </param>
          </params>
          <reporter-output>
          </reporter-output>
        </test-method> <!-- openURL -->
        <test-method signature="test_inputResgistrationData()[pri:0, instance:tests.TestRegisteration_Login_EditProfile_ReserveHotel_ReserveFlight_ViewAllReservation@6631cb64]" started-at="2021-03-09T19:04:32 EET" name="test_inputResgistrationData" finished-at="2021-03-09T19:05:51 EET" duration-ms="79116" status="PASS">
          <reporter-output>
          </reporter-output>
        </test-method> <!-- test_inputResgistrationData -->
        <test-method is-config="true" signature="screenshotOnfailure(org.testng.ITestResult)[pri:0, instance:tests.TestRegisteration_Login_EditProfile_ReserveHotel_ReserveFlight_ViewAllReservation@6631cb64]" started-at="2021-03-09T19:05:51 EET" name="screenshotOnfailure" finished-at="2021-03-09T19:05:51 EET" duration-ms="2" status="PASS">
          <params>
            <param index="0">
              <value>
                <![CDATA[[TestResult name=test_inputResgistrationData status=SUCCESS method=TestRegisteration_Login_EditProfile_ReserveHotel_ReserveFlight_ViewAllReservation.test_inputResgistrationData()[pri:0, instance:tests.TestRegisteration_Login_EditProfile_ReserveHotel_ReserveFlight_ViewAllReservation@6631cb64] output={null}]]]>
              </value>
            </param>
          </params>
          <reporter-output>
          </reporter-output>
        </test-method> <!-- screenshotOnfailure -->
        <test-method is-config="true" signature="closeBrowser()[pri:0, instance:tests.TestRegisteration_Login_EditProfile_ReserveHotel_ReserveFlight_ViewAllReservation@6631cb64]" started-at="2021-03-09T19:05:51 EET" name="closeBrowser" finished-at="2021-03-09T19:05:51 EET" duration-ms="1" status="PASS">
          <reporter-output>
          </reporter-output>
        </test-method> <!-- closeBrowser -->
      </class> <!-- tests.TestRegisteration_Login_EditProfile_ReserveHotel_ReserveFlight_ViewAllReservation -->
    </test> <!-- Regression Test -->
  </suite> <!-- phptravels Suite -->
</testng-results>
