<?xml version="1.0" encoding="UTF-8"?>
<testng-results ignored="0" total="1" passed="1" failed="0" skipped="0">
  <reporter-output>
  </reporter-output>
  <suite started-at="2021-03-08T11:33:19 EET" name="phptravels Suite" finished-at="2021-03-08T11:34:39 EET" duration-ms="79929">
    <groups>
    </groups>
    <test started-at="2021-03-08T11:33:19 EET" name="Regression Test" finished-at="2021-03-08T11:34:39 EET" duration-ms="79929">
      <class name="tests.TestRegisteration_Login_EditProfile_ReserveHotel">
        <test-method is-config="true" signature="openURL(java.lang.String)[pri:0, instance:tests.TestRegisteration_Login_EditProfile_ReserveHotel@51d387d3]" started-at="2021-03-08T11:33:07 EET" name="openURL" finished-at="2021-03-08T11:33:19 EET" duration-ms="11736" status="PASS">
          <params>
            <param index="0">
              <value>
                <![CDATA[chrome]]>
              </value>
            </param>
          </params>
          <reporter-output>
          </reporter-output>
        </test-method> <!-- openURL -->
        <test-method signature="test_inputResgistrationData()[pri:0, instance:tests.TestRegisteration_Login_EditProfile_ReserveHotel@51d387d3]" started-at="2021-03-08T11:33:19 EET" name="test_inputResgistrationData" finished-at="2021-03-08T11:34:38 EET" duration-ms="79840" status="PASS">
          <reporter-output>
          </reporter-output>
        </test-method> <!-- test_inputResgistrationData -->
        <test-method is-config="true" signature="screenshotOnfailure(org.testng.ITestResult)[pri:0, instance:tests.TestRegisteration_Login_EditProfile_ReserveHotel@51d387d3]" started-at="2021-03-08T11:34:38 EET" name="screenshotOnfailure" finished-at="2021-03-08T11:34:38 EET" duration-ms="8" status="PASS">
          <params>
            <param index="0">
              <value>
                <![CDATA[[TestResult name=test_inputResgistrationData status=SUCCESS method=TestRegisteration_Login_EditProfile_ReserveHotel.test_inputResgistrationData()[pri:0, instance:tests.TestRegisteration_Login_EditProfile_ReserveHotel@51d387d3] output={null}]]]>
              </value>
            </param>
          </params>
          <reporter-output>
          </reporter-output>
        </test-method> <!-- screenshotOnfailure -->
        <test-method is-config="true" signature="closeBrowser()[pri:0, instance:tests.TestRegisteration_Login_EditProfile_ReserveHotel@51d387d3]" started-at="2021-03-08T11:34:39 EET" name="closeBrowser" finished-at="2021-03-08T11:34:39 EET" duration-ms="0" status="PASS">
          <reporter-output>
          </reporter-output>
        </test-method> <!-- closeBrowser -->
      </class> <!-- tests.TestRegisteration_Login_EditProfile_ReserveHotel -->
    </test> <!-- Regression Test -->
  </suite> <!-- phptravels Suite -->
</testng-results>
