<?xml version="1.0" encoding="UTF-8"?>
<testng-results ignored="2" total="4" passed="2" failed="0" skipped="0">
  <reporter-output>
  </reporter-output>
  <suite started-at="2020-11-20T17:02:41 EET" name="phptravels Suite" finished-at="2020-11-20T17:02:43 EET" duration-ms="1724">
    <groups>
    </groups>
    <test started-at="2020-11-20T17:02:41 EET" name="Regression Test" finished-at="2020-11-20T17:02:43 EET" duration-ms="1724">
      <class name="tests.OpenregistrationPage">
        <test-method is-config="true" signature="openURL(java.lang.String)[pri:0, instance:tests.OpenregistrationPage@484970b0]" started-at="2020-11-20T17:02:27 EET" name="openURL" finished-at="2020-11-20T17:02:41 EET" duration-ms="13932" status="PASS">
          <params>
            <param index="0">
              <value>
                <![CDATA[firefox]]>
              </value>
            </param>
          </params>
          <reporter-output>
          </reporter-output>
        </test-method> <!-- openURL -->
        <test-method signature="openpage()[pri:0, instance:tests.OpenregistrationPage@484970b0]" started-at="2020-11-20T17:02:41 EET" name="openpage" finished-at="2020-11-20T17:02:43 EET" duration-ms="1620" status="PASS">
          <reporter-output>
          </reporter-output>
        </test-method> <!-- openpage -->
        <test-method is-config="true" signature="closeBrowser()[pri:0, instance:tests.OpenregistrationPage@484970b0]" started-at="2020-11-20T17:02:43 EET" name="closeBrowser" finished-at="2020-11-20T17:02:43 EET" duration-ms="0" status="PASS">
          <reporter-output>
          </reporter-output>
        </test-method> <!-- closeBrowser -->
      </class> <!-- tests.OpenregistrationPage -->
      <class name="tests.RegisterationPageTest">
        <test-method signature="test_inputTheRegisterationData()[pri:0, instance:tests.RegisterationPageTest@4470f8a6]" started-at="2020-11-20T17:02:43 EET" name="test_inputTheRegisterationData" finished-at="2020-11-20T17:02:43 EET" duration-ms="84" status="PASS">
          <reporter-output>
          </reporter-output>
        </test-method> <!-- test_inputTheRegisterationData -->
      </class> <!-- tests.RegisterationPageTest -->
    </test> <!-- Regression Test -->
  </suite> <!-- phptravels Suite -->
</testng-results>
