<?xml version="1.0" encoding="UTF-8"?>
<testng-results ignored="2" total="4" passed="2" failed="0" skipped="0">
  <reporter-output>
  </reporter-output>
  <suite started-at="2021-03-10T11:44:16 EET" name="phptravels Suite" finished-at="2021-03-10T11:44:24 EET" duration-ms="7842">
    <groups>
    </groups>
    <test started-at="2021-03-10T11:44:16 EET" name="Regression Test" finished-at="2021-03-10T11:44:24 EET" duration-ms="7842">
      <class name="tests.TestLogout">
        <test-method signature="test_inputResgistrationData()[pri:0, instance:tests.TestLogout@534180a2]" started-at="2021-03-10T11:44:21 EET" name="test_inputResgistrationData" finished-at="2021-03-10T11:44:24 EET" duration-ms="2311" status="PASS">
          <reporter-output>
          </reporter-output>
        </test-method> <!-- test_inputResgistrationData -->
        <test-method is-config="true" signature="screenshotOnfailure(org.testng.ITestResult)[pri:0, instance:tests.TestLogout@534180a2]" started-at="2021-03-10T11:44:24 EET" name="screenshotOnfailure" finished-at="2021-03-10T11:44:24 EET" duration-ms="0" status="PASS">
          <params>
            <param index="0">
              <value>
                <![CDATA[[TestResult name=test_inputResgistrationData status=SUCCESS method=TestLogout.test_inputResgistrationData()[pri:0, instance:tests.TestLogout@534180a2] output={null}]]]>
              </value>
            </param>
          </params>
          <reporter-output>
          </reporter-output>
        </test-method> <!-- screenshotOnfailure -->
      </class> <!-- tests.TestLogout -->
      <class name="tests.TestRegisteration">
        <test-method is-config="true" signature="openURL(java.lang.String)[pri:0, instance:tests.TestRegisteration@2370ac7a]" started-at="2021-03-10T11:44:03 EET" name="openURL" finished-at="2021-03-10T11:44:16 EET" duration-ms="12774" status="PASS">
          <params>
            <param index="0">
              <value>
                <![CDATA[chrome]]>
              </value>
            </param>
          </params>
          <reporter-output>
          </reporter-output>
        </test-method> <!-- openURL -->
        <test-method signature="test_inputResgistrationData()[pri:0, instance:tests.TestRegisteration@2370ac7a]" started-at="2021-03-10T11:44:16 EET" name="test_inputResgistrationData" finished-at="2021-03-10T11:44:21 EET" duration-ms="5465" status="PASS">
          <reporter-output>
          </reporter-output>
        </test-method> <!-- test_inputResgistrationData -->
        <test-method is-config="true" signature="screenshotOnfailure(org.testng.ITestResult)[pri:0, instance:tests.TestRegisteration@2370ac7a]" started-at="2021-03-10T11:44:21 EET" name="screenshotOnfailure" finished-at="2021-03-10T11:44:21 EET" duration-ms="5" status="PASS">
          <params>
            <param index="0">
              <value>
                <![CDATA[[TestResult name=test_inputResgistrationData status=SUCCESS method=TestRegisteration.test_inputResgistrationData()[pri:0, instance:tests.TestRegisteration@2370ac7a] output={null}]]]>
              </value>
            </param>
          </params>
          <reporter-output>
          </reporter-output>
        </test-method> <!-- screenshotOnfailure -->
        <test-method is-config="true" signature="closeBrowser()[pri:0, instance:tests.TestRegisteration@2370ac7a]" started-at="2021-03-10T11:44:24 EET" name="closeBrowser" finished-at="2021-03-10T11:44:24 EET" duration-ms="0" status="PASS">
          <reporter-output>
          </reporter-output>
        </test-method> <!-- closeBrowser -->
      </class> <!-- tests.TestRegisteration -->
    </test> <!-- Regression Test -->
  </suite> <!-- phptravels Suite -->
</testng-results>
