<?xml version="1.0" encoding="UTF-8"?>
<testng-results ignored="0" total="1" passed="1" failed="0" skipped="0">
  <reporter-output>
  </reporter-output>
  <suite started-at="2021-01-13T21:48:31 EET" name="phptravels Suite" finished-at="2021-01-13T21:49:09 EET" duration-ms="38839">
    <groups>
    </groups>
    <test started-at="2021-01-13T21:48:31 EET" name="Regression Test" finished-at="2021-01-13T21:49:09 EET" duration-ms="38839">
      <class name="tests.TestRegisteration_Login_EditProfile_ReserveHotel">
        <test-method is-config="true" signature="openURL(java.lang.String)[pri:0, instance:tests.TestRegisteration_Login_EditProfile_ReserveHotel@12d1f1d4]" started-at="2021-01-13T21:48:15 EET" name="openURL" finished-at="2021-01-13T21:48:31 EET" duration-ms="15836" status="PASS">
          <params>
            <param index="0">
              <value>
                <![CDATA[firefox]]>
              </value>
            </param>
          </params>
          <reporter-output>
          </reporter-output>
        </test-method> <!-- openURL -->
        <test-method signature="test_inputResgistrationData()[pri:0, instance:tests.TestRegisteration_Login_EditProfile_ReserveHotel@12d1f1d4]" started-at="2021-01-13T21:48:31 EET" name="test_inputResgistrationData" finished-at="2021-01-13T21:49:09 EET" duration-ms="38801" status="PASS">
          <reporter-output>
          </reporter-output>
        </test-method> <!-- test_inputResgistrationData -->
        <test-method is-config="true" signature="screenshotOnfailure(org.testng.ITestResult)[pri:0, instance:tests.TestRegisteration_Login_EditProfile_ReserveHotel@12d1f1d4]" started-at="2021-01-13T21:49:09 EET" name="screenshotOnfailure" finished-at="2021-01-13T21:49:09 EET" duration-ms="2" status="PASS">
          <params>
            <param index="0">
              <value>
                <![CDATA[[TestResult name=test_inputResgistrationData status=SUCCESS method=TestRegisteration_Login_EditProfile_ReserveHotel.test_inputResgistrationData()[pri:0, instance:tests.TestRegisteration_Login_EditProfile_ReserveHotel@12d1f1d4] output={null}]]]>
              </value>
            </param>
          </params>
          <reporter-output>
          </reporter-output>
        </test-method> <!-- screenshotOnfailure -->
        <test-method is-config="true" signature="closeBrowser()[pri:0, instance:tests.TestRegisteration_Login_EditProfile_ReserveHotel@12d1f1d4]" started-at="2021-01-13T21:49:09 EET" name="closeBrowser" finished-at="2021-01-13T21:49:09 EET" duration-ms="1" status="PASS">
          <reporter-output>
          </reporter-output>
        </test-method> <!-- closeBrowser -->
      </class> <!-- tests.TestRegisteration_Login_EditProfile_ReserveHotel -->
    </test> <!-- Regression Test -->
  </suite> <!-- phptravels Suite -->
</testng-results>
