<?xml version="1.0" encoding="UTF-8"?>
<testng-results ignored="14" total="22" passed="8" failed="0" skipped="0">
  <reporter-output>
  </reporter-output>
  <suite started-at="2021-03-10T20:41:53 EET" name="phptravels Suite" finished-at="2021-03-10T20:43:16 EET" duration-ms="82639">
    <groups>
    </groups>
    <test started-at="2021-03-10T20:41:53 EET" name="Regression Test" finished-at="2021-03-10T20:43:16 EET" duration-ms="82639">
      <class name="tests.TestEditProfile">
        <test-method signature="test_EditProfile()[pri:0, instance:tests.TestEditProfile@7ca8d498]" started-at="2021-03-10T20:42:00 EET" name="test_EditProfile" finished-at="2021-03-10T20:42:07 EET" duration-ms="6977" status="PASS">
          <reporter-output>
          </reporter-output>
        </test-method> <!-- test_EditProfile -->
        <test-method is-config="true" signature="screenshotOnfailure(org.testng.ITestResult)[pri:0, instance:tests.TestEditProfile@7ca8d498]" started-at="2021-03-10T20:42:07 EET" name="screenshotOnfailure" finished-at="2021-03-10T20:42:07 EET" duration-ms="1" status="PASS">
          <params>
            <param index="0">
              <value>
                <![CDATA[[TestResult name=test_EditProfile status=SUCCESS method=TestEditProfile.test_EditProfile()[pri:0, instance:tests.TestEditProfile@7ca8d498] output={null}]]]>
              </value>
            </param>
          </params>
          <reporter-output>
          </reporter-output>
        </test-method> <!-- screenshotOnfailure -->
      </class> <!-- tests.TestEditProfile -->
      <class name="tests.TestFlightReservation">
        <test-method signature="test_FlightReservation()[pri:0, instance:tests.TestFlightReservation@6f139fc9]" started-at="2021-03-10T20:42:43 EET" name="test_FlightReservation" finished-at="2021-03-10T20:43:15 EET" duration-ms="32013" status="PASS">
          <reporter-output>
          </reporter-output>
        </test-method> <!-- test_FlightReservation -->
        <test-method is-config="true" signature="screenshotOnfailure(org.testng.ITestResult)[pri:0, instance:tests.TestFlightReservation@6f139fc9]" started-at="2021-03-10T20:43:15 EET" name="screenshotOnfailure" finished-at="2021-03-10T20:43:15 EET" duration-ms="1" status="PASS">
          <params>
            <param index="0">
              <value>
                <![CDATA[[TestResult name=test_FlightReservation status=SUCCESS method=TestFlightReservation.test_FlightReservation()[pri:0, instance:tests.TestFlightReservation@6f139fc9] output={null}]]]>
              </value>
            </param>
          </params>
          <reporter-output>
          </reporter-output>
        </test-method> <!-- screenshotOnfailure -->
      </class> <!-- tests.TestFlightReservation -->
      <class name="tests.TestHotelReservation">
        <test-method signature="test_hotelReservation()[pri:0, instance:tests.TestHotelReservation@7187bac9]" started-at="2021-03-10T20:42:07 EET" name="test_hotelReservation" finished-at="2021-03-10T20:42:35 EET" duration-ms="27858" status="PASS">
          <reporter-output>
          </reporter-output>
        </test-method> <!-- test_hotelReservation -->
        <test-method is-config="true" signature="screenshotOnfailure(org.testng.ITestResult)[pri:0, instance:tests.TestHotelReservation@7187bac9]" started-at="2021-03-10T20:42:35 EET" name="screenshotOnfailure" finished-at="2021-03-10T20:42:35 EET" duration-ms="0" status="PASS">
          <params>
            <param index="0">
              <value>
                <![CDATA[[TestResult name=test_hotelReservation status=SUCCESS method=TestHotelReservation.test_hotelReservation()[pri:0, instance:tests.TestHotelReservation@7187bac9] output={null}]]]>
              </value>
            </param>
          </params>
          <reporter-output>
          </reporter-output>
        </test-method> <!-- screenshotOnfailure -->
      </class> <!-- tests.TestHotelReservation -->
      <class name="tests.TestLogout">
        <test-method signature="test_Logout()[pri:0, instance:tests.TestLogout@ac20bb4]" started-at="2021-03-10T20:41:57 EET" name="test_Logout" finished-at="2021-03-10T20:41:59 EET" duration-ms="1656" status="PASS">
          <reporter-output>
          </reporter-output>
        </test-method> <!-- test_Logout -->
        <test-method is-config="true" signature="screenshotOnfailure(org.testng.ITestResult)[pri:0, instance:tests.TestLogout@ac20bb4]" started-at="2021-03-10T20:41:59 EET" name="screenshotOnfailure" finished-at="2021-03-10T20:41:59 EET" duration-ms="0" status="PASS">
          <params>
            <param index="0">
              <value>
                <![CDATA[[TestResult name=test_Logout status=SUCCESS method=TestLogout.test_Logout()[pri:0, instance:tests.TestLogout@ac20bb4] output={null}]]]>
              </value>
            </param>
          </params>
          <reporter-output>
          </reporter-output>
        </test-method> <!-- screenshotOnfailure -->
      </class> <!-- tests.TestLogout -->
      <class name="tests.TestRegisteration">
        <test-method is-config="true" signature="openURL(java.lang.String)[pri:0, instance:tests.TestRegisteration@7efe7b87]" started-at="2021-03-10T20:41:47 EET" name="openURL" finished-at="2021-03-10T20:41:53 EET" duration-ms="6918" status="PASS">
          <params>
            <param index="0">
              <value>
                <![CDATA[chrome]]>
              </value>
            </param>
          </params>
          <reporter-output>
          </reporter-output>
        </test-method> <!-- openURL -->
        <test-method signature="test_inputResgistrationData()[pri:0, instance:tests.TestRegisteration@7efe7b87]" started-at="2021-03-10T20:41:54 EET" name="test_inputResgistrationData" finished-at="2021-03-10T20:41:57 EET" duration-ms="3877" status="PASS">
          <reporter-output>
          </reporter-output>
        </test-method> <!-- test_inputResgistrationData -->
        <test-method is-config="true" signature="screenshotOnfailure(org.testng.ITestResult)[pri:0, instance:tests.TestRegisteration@7efe7b87]" started-at="2021-03-10T20:41:57 EET" name="screenshotOnfailure" finished-at="2021-03-10T20:41:57 EET" duration-ms="1" status="PASS">
          <params>
            <param index="0">
              <value>
                <![CDATA[[TestResult name=test_inputResgistrationData status=SUCCESS method=TestRegisteration.test_inputResgistrationData()[pri:0, instance:tests.TestRegisteration@7efe7b87] output={null}]]]>
              </value>
            </param>
          </params>
          <reporter-output>
          </reporter-output>
        </test-method> <!-- screenshotOnfailure -->
        <test-method is-config="true" signature="closeBrowser()[pri:0, instance:tests.TestRegisteration@7efe7b87]" started-at="2021-03-10T20:43:16 EET" name="closeBrowser" finished-at="2021-03-10T20:43:16 EET" duration-ms="0" status="PASS">
          <reporter-output>
          </reporter-output>
        </test-method> <!-- closeBrowser -->
      </class> <!-- tests.TestRegisteration -->
      <class name="tests.TestLogin">
        <test-method signature="test_Logout()[pri:0, instance:tests.TestLogin@5a2bd7c8]" started-at="2021-03-10T20:41:59 EET" name="test_Logout" finished-at="2021-03-10T20:42:00 EET" duration-ms="1334" status="PASS">
          <reporter-output>
          </reporter-output>
        </test-method> <!-- test_Logout -->
        <test-method is-config="true" signature="screenshotOnfailure(org.testng.ITestResult)[pri:0, instance:tests.TestLogin@5a2bd7c8]" started-at="2021-03-10T20:42:00 EET" name="screenshotOnfailure" finished-at="2021-03-10T20:42:00 EET" duration-ms="1" status="PASS">
          <params>
            <param index="0">
              <value>
                <![CDATA[[TestResult name=test_Logout status=SUCCESS method=TestLogin.test_Logout()[pri:0, instance:tests.TestLogin@5a2bd7c8] output={null}]]]>
              </value>
            </param>
          </params>
          <reporter-output>
          </reporter-output>
        </test-method> <!-- screenshotOnfailure -->
      </class> <!-- tests.TestLogin -->
      <class name="tests.TestViewAllReservation">
        <test-method signature="test_viewAllReservation()[pri:0, instance:tests.TestViewAllReservation@55259aa7]" started-at="2021-03-10T20:43:15 EET" name="test_viewAllReservation" finished-at="2021-03-10T20:43:16 EET" duration-ms="1289" status="PASS">
          <reporter-output>
          </reporter-output>
        </test-method> <!-- test_viewAllReservation -->
        <test-method is-config="true" signature="screenshotOnfailure(org.testng.ITestResult)[pri:0, instance:tests.TestViewAllReservation@55259aa7]" started-at="2021-03-10T20:43:16 EET" name="screenshotOnfailure" finished-at="2021-03-10T20:43:16 EET" duration-ms="0" status="PASS">
          <params>
            <param index="0">
              <value>
                <![CDATA[[TestResult name=test_viewAllReservation status=SUCCESS method=TestViewAllReservation.test_viewAllReservation()[pri:0, instance:tests.TestViewAllReservation@55259aa7] output={null}]]]>
              </value>
            </param>
          </params>
          <reporter-output>
          </reporter-output>
        </test-method> <!-- screenshotOnfailure -->
      </class> <!-- tests.TestViewAllReservation -->
      <class name="tests.TestPayment">
        <test-method signature="test_payment()[pri:0, instance:tests.TestPayment@6b8280e6]" started-at="2021-03-10T20:42:35 EET" name="test_payment" finished-at="2021-03-10T20:42:43 EET" duration-ms="7575" status="PASS">
          <reporter-output>
          </reporter-output>
        </test-method> <!-- test_payment -->
        <test-method is-config="true" signature="screenshotOnfailure(org.testng.ITestResult)[pri:0, instance:tests.TestPayment@6b8280e6]" started-at="2021-03-10T20:42:43 EET" name="screenshotOnfailure" finished-at="2021-03-10T20:42:43 EET" duration-ms="0" status="PASS">
          <params>
            <param index="0">
              <value>
                <![CDATA[[TestResult name=test_payment status=SUCCESS method=TestPayment.test_payment()[pri:0, instance:tests.TestPayment@6b8280e6] output={null}]]]>
              </value>
            </param>
          </params>
          <reporter-output>
          </reporter-output>
        </test-method> <!-- screenshotOnfailure -->
      </class> <!-- tests.TestPayment -->
    </test> <!-- Regression Test -->
  </suite> <!-- phptravels Suite -->
</testng-results>
