<?xml version="1.0" encoding="UTF-8"?>
<testng-results ignored="0" total="1" passed="1" failed="0" skipped="0">
  <reporter-output>
  </reporter-output>
  <suite started-at="2020-11-20T16:08:33 EET" name="phptravels Suite" finished-at="2020-11-20T16:08:35 EET" duration-ms="1410">
    <groups>
    </groups>
    <test started-at="2020-11-20T16:08:33 EET" name="Regression Test" finished-at="2020-11-20T16:08:35 EET" duration-ms="1410">
      <class name="tests.OpenregistrationPage">
        <test-method is-config="true" signature="openURL(java.lang.String)[pri:0, instance:tests.OpenregistrationPage@3571b748]" started-at="2020-11-20T16:08:20 EET" name="openURL" finished-at="2020-11-20T16:08:33 EET" duration-ms="12981" status="PASS">
          <params>
            <param index="0">
              <value>
                <![CDATA[firefox]]>
              </value>
            </param>
          </params>
          <reporter-output>
          </reporter-output>
        </test-method> <!-- openURL -->
        <test-method signature="openpage()[pri:0, instance:tests.OpenregistrationPage@3571b748]" started-at="2020-11-20T16:08:33 EET" name="openpage" finished-at="2020-11-20T16:08:35 EET" duration-ms="1394" status="PASS">
          <reporter-output>
          </reporter-output>
        </test-method> <!-- openpage -->
        <test-method is-config="true" signature="closeBrowser()[pri:0, instance:tests.OpenregistrationPage@3571b748]" started-at="2020-11-20T16:08:35 EET" name="closeBrowser" finished-at="2020-11-20T16:08:36 EET" duration-ms="1844" status="PASS">
          <reporter-output>
          </reporter-output>
        </test-method> <!-- closeBrowser -->
      </class> <!-- tests.OpenregistrationPage -->
    </test> <!-- Regression Test -->
  </suite> <!-- phptravels Suite -->
</testng-results>
