<?xml version="1.0" encoding="UTF-8"?>
<testng-results ignored="0" total="2" passed="2" failed="0" skipped="0">
  <reporter-output>
  </reporter-output>
  <suite started-at="2020-11-25T17:39:16 EET" name="phptravels Suite" finished-at="2020-11-25T17:39:18 EET" duration-ms="2402">
    <groups>
    </groups>
    <test started-at="2020-11-25T17:39:16 EET" name="Regression Test" finished-at="2020-11-25T17:39:18 EET" duration-ms="2402">
      <class name="tests.BlogRegisterationPageTest">
        <test-method is-config="true" signature="openURL(java.lang.String)[pri:0, instance:tests.BlogRegisterationPageTest@fdefd3f]" started-at="2020-11-25T17:39:10 EET" name="openURL" finished-at="2020-11-25T17:39:16 EET" duration-ms="5500" status="PASS">
          <params>
            <param index="0">
              <value>
                <![CDATA[chrome]]>
              </value>
            </param>
          </params>
          <reporter-output>
          </reporter-output>
        </test-method> <!-- openURL -->
        <test-method signature="test_openBlogPage()[pri:1, instance:tests.BlogRegisterationPageTest@fdefd3f]" started-at="2020-11-25T17:39:16 EET" name="test_openBlogPage" finished-at="2020-11-25T17:39:17 EET" duration-ms="1365" status="PASS">
          <reporter-output>
          </reporter-output>
        </test-method> <!-- test_openBlogPage -->
        <test-method signature="test_openBlogRegistrationPage()[pri:2, instance:tests.BlogRegisterationPageTest@fdefd3f]" started-at="2020-11-25T17:39:17 EET" name="test_openBlogRegistrationPage" finished-at="2020-11-25T17:39:18 EET" duration-ms="1011" status="PASS">
          <reporter-output>
          </reporter-output>
        </test-method> <!-- test_openBlogRegistrationPage -->
        <test-method is-config="true" signature="closeBrowser()[pri:0, instance:tests.BlogRegisterationPageTest@fdefd3f]" started-at="2020-11-25T17:39:18 EET" name="closeBrowser" finished-at="2020-11-25T17:39:18 EET" duration-ms="1" status="PASS">
          <reporter-output>
          </reporter-output>
        </test-method> <!-- closeBrowser -->
      </class> <!-- tests.BlogRegisterationPageTest -->
    </test> <!-- Regression Test -->
  </suite> <!-- phptravels Suite -->
</testng-results>
